<?xml version="1.0" encoding="UTF-8"?>
<testsuite name="Academy Choucair" tests="1" skipped="0" failures="0" errors="0" timestamp="2021-01-17T00:49:39" hostname="DESKTOP-FH75GS8" time="33.705">
  <properties/>
  <testcase name="Search for a automation course" classname="Academy Choucair" time="33.705"/>
  <system-out><![CDATA[]]></system-out>
  <system-err><![CDATA[[Test worker] WARN net.thucydides.core.steps.BaseStepListener - stepStarted: net.thucydides.core.steps.ExecutedStepDescription@3bc481e8
[Test worker] WARN net.thucydides.core.steps.BaseStepListener - stepStarted: net.thucydides.core.steps.ExecutedStepDescription@2e35fb8
[Test worker] WARN net.thucydides.core.steps.BaseStepListener - stepStarted: net.thucydides.core.steps.ExecutedStepDescription@5e6646d6
ene 16, 2021 7:49:39 PM org.openqa.selenium.remote.DesiredCapabilities chrome
INFORMACIÓN: Using `new ChromeOptions()` is preferred to `DesiredCapabilities.chrome()`
[Test worker] INFO net.serenitybdd.core.webdriver.driverproviders.ProvideNewDriver - Instantiating driver
[Test worker] INFO net.serenitybdd.core.webdriver.driverproviders.ProvideNewDriver - Driver capabilities: Capabilities {acceptInsecureCerts: false, browserName: chrome, chrome.switches: --start-maximized, goog:chromeOptions: {args: [--start-maximized], extensions: []}, loggingPrefs: org.openqa.selenium.logging..., platform: ANY, version: }
Starting ChromeDriver 87.0.4280.88 (89e2380a3e36c3464b5dd1302349b1382549290d-refs/branch-heads/4280@{#1761}) on port 10769
Only local connections are allowed.
Please see https://chromedriver.chromium.org/security-considerations for suggestions on keeping ChromeDriver safe.
ChromeDriver was started successfully.
ene 16, 2021 7:49:44 PM org.openqa.selenium.remote.ProtocolHandshake createSession
INFORMACIÓN: Detected dialect: W3C
[Test worker] WARN net.thucydides.core.steps.BaseStepListener - stepFinished: current outcome:Search for a automation course:Given than Alexander wants to learn automation at the academy Choucair
| strUser | strPassword |
| 1152437776 | Choucair2021* | [Alexander open up [Alexander opens the Choucair academy page]]
[Test worker] WARN net.thucydides.core.steps.BaseStepListener - stepFinished: current outcome:Search for a automation course:Given than Alexander wants to learn automation at the academy Choucair
| strUser | strPassword |
| 1152437776 | Choucair2021* | [Alexander open up [Alexander opens the Choucair academy page]]
[Test worker] WARN net.thucydides.core.steps.BaseStepListener - stepStarted: net.thucydides.core.steps.ExecutedStepDescription@563ff7ac
[Test worker] WARN net.thucydides.core.steps.BaseStepListener - stepStarted: net.thucydides.core.steps.ExecutedStepDescription@1a55796a
[Test worker] WARN net.thucydides.core.steps.BaseStepListener - stepFinished: current outcome:Search for a automation course:Given than Alexander wants to learn automation at the academy Choucair
| strUser | strPassword |
| 1152437776 | Choucair2021* | [Alexander open up [Alexander opens the Choucair academy page], Alexander login [Alexander clicks on button that shows us the form to login]]
[Test worker] WARN net.thucydides.core.steps.BaseStepListener - stepStarted: net.thucydides.core.steps.ExecutedStepDescription@3bc9e5c
[Test worker] WARN net.thucydides.core.steps.BaseStepListener - stepFinished: current outcome:Search for a automation course:Given than Alexander wants to learn automation at the academy Choucair
| strUser | strPassword |
| 1152437776 | Choucair2021* | [Alexander open up [Alexander opens the Choucair academy page], Alexander login [Alexander clicks on button that shows us the form to login, Alexander enters '1152437776' into where do we write the user]]
[Test worker] WARN net.thucydides.core.steps.BaseStepListener - stepStarted: net.thucydides.core.steps.ExecutedStepDescription@73c8a4b3
[Test worker] WARN net.thucydides.core.steps.BaseStepListener - stepFinished: current outcome:Search for a automation course:Given than Alexander wants to learn automation at the academy Choucair
| strUser | strPassword |
| 1152437776 | Choucair2021* | [Alexander open up [Alexander opens the Choucair academy page], Alexander login [Alexander clicks on button that shows us the form to login, Alexander enters '1152437776' into where do we write the user, Alexander enters 'Choucair2021*' into where do we write the user]]
[Test worker] WARN net.thucydides.core.steps.BaseStepListener - stepStarted: net.thucydides.core.steps.ExecutedStepDescription@517b7f00
[Test worker] WARN net.thucydides.core.steps.BaseStepListener - stepFinished: current outcome:Search for a automation course:Given than Alexander wants to learn automation at the academy Choucair
| strUser | strPassword |
| 1152437776 | Choucair2021* | [Alexander open up [Alexander opens the Choucair academy page], Alexander login [Alexander clicks on button that shows us the form to login, Alexander enters '1152437776' into where do we write the user, Alexander enters 'Choucair2021*' into where do we write the user, Alexander clicks on button to confirm login]]
[Test worker] WARN net.thucydides.core.steps.BaseStepListener - stepFinished: current outcome:Search for a automation course:Given than Alexander wants to learn automation at the academy Choucair
| strUser | strPassword |
| 1152437776 | Choucair2021* | [Alexander open up [Alexander opens the Choucair academy page], Alexander login [Alexander clicks on button that shows us the form to login, Alexander enters '1152437776' into where do we write the user, Alexander enters 'Choucair2021*' into where do we write the user, Alexander clicks on button to confirm login]]
[Test worker] WARN net.thucydides.core.steps.BaseStepListener - stepFinished: current outcome:Search for a automation course:Given than Alexander wants to learn automation at the academy Choucair
| strUser | strPassword |
| 1152437776 | Choucair2021* | [Alexander open up [Alexander opens the Choucair academy page], Alexander login [Alexander clicks on button that shows us the form to login, Alexander enters '1152437776' into where do we write the user, Alexander enters 'Choucair2021*' into where do we write the user, Alexander clicks on button to confirm login]]
[Test worker] WARN net.thucydides.core.steps.BaseStepListener - stepStarted: net.thucydides.core.steps.ExecutedStepDescription@6be8be9c
[Test worker] WARN net.thucydides.core.steps.BaseStepListener - stepStarted: net.thucydides.core.steps.ExecutedStepDescription@13eab969
[Test worker] WARN net.thucydides.core.steps.BaseStepListener - stepStarted: net.thucydides.core.steps.ExecutedStepDescription@eef231
[Test worker] WARN net.thucydides.core.steps.BaseStepListener - stepFinished: current outcome:Search for a automation course:Given than Alexander wants to learn automation at the academy Choucair
| strUser | strPassword |
| 1152437776 | Choucair2021* | [Alexander open up [Alexander opens the Choucair academy page], Alexander login [Alexander clicks on button that shows us the form to login, Alexander enters '1152437776' into where do we write the user, Alexander enters 'Choucair2021*' into where do we write the user, Alexander clicks on button to confirm login]], When he search for the course on the Choucair Academy platform
| strCourse |
| Foundation Express | [Alexander search [Alexander clicks on Select Choucair University]]
[Test worker] WARN net.thucydides.core.steps.BaseStepListener - stepStarted: net.thucydides.core.steps.ExecutedStepDescription@407a49e7
[Test worker] WARN net.thucydides.core.steps.BaseStepListener - stepFinished: current outcome:Search for a automation course:Given than Alexander wants to learn automation at the academy Choucair
| strUser | strPassword |
| 1152437776 | Choucair2021* | [Alexander open up [Alexander opens the Choucair academy page], Alexander login [Alexander clicks on button that shows us the form to login, Alexander enters '1152437776' into where do we write the user, Alexander enters 'Choucair2021*' into where do we write the user, Alexander clicks on button to confirm login]], When he search for the course on the Choucair Academy platform
| strCourse |
| Foundation Express | [Alexander search [Alexander clicks on Select Choucair University, Alexander enters 'Foundation Express' into Search the course]]
[Test worker] WARN net.thucydides.core.steps.BaseStepListener - stepStarted: net.thucydides.core.steps.ExecutedStepDescription@37ed6de0
[Test worker] WARN net.thucydides.core.steps.BaseStepListener - stepFinished: current outcome:Search for a automation course:Given than Alexander wants to learn automation at the academy Choucair
| strUser | strPassword |
| 1152437776 | Choucair2021* | [Alexander open up [Alexander opens the Choucair academy page], Alexander login [Alexander clicks on button that shows us the form to login, Alexander enters '1152437776' into where do we write the user, Alexander enters 'Choucair2021*' into where do we write the user, Alexander clicks on button to confirm login]], When he search for the course on the Choucair Academy platform
| strCourse |
| Foundation Express | [Alexander search [Alexander clicks on Select Choucair University, Alexander enters 'Foundation Express' into Search the course, Alexander clicks on Click on Search the course]]
[Test worker] WARN net.thucydides.core.steps.BaseStepListener - stepStarted: net.thucydides.core.steps.ExecutedStepDescription@4773c760
[Test worker] WARN net.thucydides.core.steps.BaseStepListener - stepFinished: current outcome:Search for a automation course:Given than Alexander wants to learn automation at the academy Choucair
| strUser | strPassword |
| 1152437776 | Choucair2021* | [Alexander open up [Alexander opens the Choucair academy page], Alexander login [Alexander clicks on button that shows us the form to login, Alexander enters '1152437776' into where do we write the user, Alexander enters 'Choucair2021*' into where do we write the user, Alexander clicks on button to confirm login]], When he search for the course on the Choucair Academy platform
| strCourse |
| Foundation Express | [Alexander search [Alexander clicks on Select Choucair University, Alexander enters 'Foundation Express' into Search the course, Alexander clicks on Click on Search the course, Alexander clicks on Select the course]]
[Test worker] WARN net.thucydides.core.steps.BaseStepListener - stepFinished: current outcome:Search for a automation course:Given than Alexander wants to learn automation at the academy Choucair
| strUser | strPassword |
| 1152437776 | Choucair2021* | [Alexander open up [Alexander opens the Choucair academy page], Alexander login [Alexander clicks on button that shows us the form to login, Alexander enters '1152437776' into where do we write the user, Alexander enters 'Choucair2021*' into where do we write the user, Alexander clicks on button to confirm login]], When he search for the course on the Choucair Academy platform
| strCourse |
| Foundation Express | [Alexander search [Alexander clicks on Select Choucair University, Alexander enters 'Foundation Express' into Search the course, Alexander clicks on Click on Search the course, Alexander clicks on Select the course]]
[Test worker] WARN net.thucydides.core.steps.BaseStepListener - stepFinished: current outcome:Search for a automation course:Given than Alexander wants to learn automation at the academy Choucair
| strUser | strPassword |
| 1152437776 | Choucair2021* | [Alexander open up [Alexander opens the Choucair academy page], Alexander login [Alexander clicks on button that shows us the form to login, Alexander enters '1152437776' into where do we write the user, Alexander enters 'Choucair2021*' into where do we write the user, Alexander clicks on button to confirm login]], When he search for the course on the Choucair Academy platform
| strCourse |
| Foundation Express | [Alexander search [Alexander clicks on Select Choucair University, Alexander enters 'Foundation Express' into Search the course, Alexander clicks on Click on Search the course, Alexander clicks on Select the course]]
[Test worker] WARN net.thucydides.core.steps.BaseStepListener - stepStarted: net.thucydides.core.steps.ExecutedStepDescription@7a6ca08
[Test worker] WARN net.thucydides.core.steps.BaseStepListener - stepStarted: net.thucydides.core.steps.ExecutedStepDescription@56bfec24
[Test worker] WARN net.thucydides.core.steps.BaseStepListener - stepFinished: current outcome:Search for a automation course:Given than Alexander wants to learn automation at the academy Choucair
| strUser | strPassword |
| 1152437776 | Choucair2021* | [Alexander open up [Alexander opens the Choucair academy page], Alexander login [Alexander clicks on button that shows us the form to login, Alexander enters '1152437776' into where do we write the user, Alexander enters 'Choucair2021*' into where do we write the user, Alexander clicks on button to confirm login]], When he search for the course on the Choucair Academy platform
| strCourse |
| Foundation Express | [Alexander search [Alexander clicks on Select Choucair University, Alexander enters 'Foundation Express' into Search the course, Alexander clicks on Click on Search the course, Alexander clicks on Select the course]], Then he finds the course called
| strCourse |
| Foundation Express | [Then answer]
[Test worker] WARN net.thucydides.core.steps.BaseStepListener - stepFinished: current outcome:Search for a automation course:Given than Alexander wants to learn automation at the academy Choucair
| strUser | strPassword |
| 1152437776 | Choucair2021* | [Alexander open up [Alexander opens the Choucair academy page], Alexander login [Alexander clicks on button that shows us the form to login, Alexander enters '1152437776' into where do we write the user, Alexander enters 'Choucair2021*' into where do we write the user, Alexander clicks on button to confirm login]], When he search for the course on the Choucair Academy platform
| strCourse |
| Foundation Express | [Alexander search [Alexander clicks on Select Choucair University, Alexander enters 'Foundation Express' into Search the course, Alexander clicks on Click on Search the course, Alexander clicks on Select the course]], Then he finds the course called
| strCourse |
| Foundation Express | [Then answer]
[Test worker] WARN net.thucydides.core.steps.BaseStepListener - testFinished: Search for a automation course:Given than Alexander wants to learn automation at the academy Choucair
| strUser | strPassword |
| 1152437776 | Choucair2021* | [Alexander open up [Alexander opens the Choucair academy page], Alexander login [Alexander clicks on button that shows us the form to login, Alexander enters '1152437776' into where do we write the user, Alexander enters 'Choucair2021*' into where do we write the user, Alexander clicks on button to confirm login]], When he search for the course on the Choucair Academy platform
| strCourse |
| Foundation Express | [Alexander search [Alexander clicks on Select Choucair University, Alexander enters 'Foundation Express' into Search the course, Alexander clicks on Click on Search the course, Alexander clicks on Select the course]], Then he finds the course called
| strCourse |
| Foundation Express | [Then answer]
[Test worker] WARN net.thucydides.core.steps.BaseStepListener - TestOutcomes: [Search for a automation course:Given than Alexander wants to learn automation at the academy Choucair
| strUser | strPassword |
| 1152437776 | Choucair2021* | [Alexander open up [Alexander opens the Choucair academy page], Alexander login [Alexander clicks on button that shows us the form to login, Alexander enters '1152437776' into where do we write the user, Alexander enters 'Choucair2021*' into where do we write the user, Alexander clicks on button to confirm login]], When he search for the course on the Choucair Academy platform
| strCourse |
| Foundation Express | [Alexander search [Alexander clicks on Select Choucair University, Alexander enters 'Foundation Express' into Search the course, Alexander clicks on Click on Search the course, Alexander clicks on Select the course]], Then he finds the course called
| strCourse |
| Foundation Express | [Then answer]]
[Test worker] WARN net.thucydides.core.steps.BaseStepListener - Final testOutcomes: [Search for a automation course:Given than Alexander wants to learn automation at the academy Choucair
| strUser | strPassword |
| 1152437776 | Choucair2021* | [Alexander open up [Alexander opens the Choucair academy page], Alexander login [Alexander clicks on button that shows us the form to login, Alexander enters '1152437776' into where do we write the user, Alexander enters 'Choucair2021*' into where do we write the user, Alexander clicks on button to confirm login]], When he search for the course on the Choucair Academy platform
| strCourse |
| Foundation Express | [Alexander search [Alexander clicks on Select Choucair University, Alexander enters 'Foundation Express' into Search the course, Alexander clicks on Click on Search the course, Alexander clicks on Select the course]], Then he finds the course called
| strCourse |
| Foundation Express | [Then answer]]
[Test worker] INFO net.thucydides.core.steps.ConsoleLoggingListener - 
        __    _____ _____ ____ _____   ____   _    ____  ____  _____ ____  
  _     \ \  |_   _| ____/ ___|_   _| |  _ \ / \  / ___|/ ___|| ____|  _ \ 
 (_)_____| |   | | |  _| \___ \ | |   | |_) / _ \ \___ \\___ \|  _| | | | |
  _|_____| |   | | | |___ ___) || |   |  __/ ___ \ ___) |___) | |___| |_| |
 (_)     | |   |_| |_____|____/ |_|   |_| /_/   \_\____/|____/|_____|____/ 
        /_/                                                                

TEST PASSED: Search for a automation course
----------------------------------------------------------------------------
]]></system-err>
</testsuite>
